<?xml version="1.0" encoding="UTF-8"?>
<!-- Generated by org.testng.reporters.JUnitReportReporter -->
<testsuite skipped="0" hostname="LAPTOP-20OCNREJ" name="testCases.TC_LoginTest_001" tests="1" failures="0" timestamp="06 Feb 2022 14:56:15 GMT" time="7.478" errors="0">
  <testcase name="loginTest" time="7.478" classname="testCases.TC_LoginTest_001"/>
</testsuite> <!-- testCases.TC_LoginTest_001 -->
