<?xml version="1.0" encoding="UTF-8"?>
<!-- Generated by org.testng.reporters.JUnitReportReporter -->
<testsuite skipped="0" hostname="LAPTOP-20OCNREJ" name="testCases.Perform_drg_drp" tests="1" failures="0" timestamp="10 Feb 2022 14:01:59 GMT" time="8.554" errors="0">
  <testcase name="action" time="8.554" classname="testCases.Perform_drg_drp"/>
</testsuite> <!-- testCases.Perform_drg_drp -->
